<?xml version="1.0" encoding="UTF-8"?>
<!-- Generated by org.testng.reporters.JUnitXMLReporter -->
<testsuite hostname="INHYDKRLSOWMYA" ignored="0" name="smoke_tablets_products_validation_priceDetails" tests="1" failures="0" timestamp="28 Nov 2018 09:53:37 GMT" time="0.005" errors="0">
  <testcase name="@BeforeTest getBrowser" time="0.0" classname="com.automation.mobielshop.kpn.testBase.TestBase">
    <failure type="org.testng.TestNGException" message="
Parameter &amp;apos;myBrowser&amp;apos; is required by BeforeTest on method getBrowser but has not been marked @Optional or defined
in C:\Users\sowmyak\Desktop\KPN\kpn-shop-test-suite\trunk\eclipse-workspace\com.automation.kpn.developerCopy\regressionSuite.xml">
      <![CDATA[org.testng.TestNGException: 
Parameter 'myBrowser' is required by BeforeTest on method getBrowser but has not been marked @Optional or defined
in C:\Users\sowmyak\Desktop\KPN\kpn-shop-test-suite\trunk\eclipse-workspace\com.automation.kpn.developerCopy\regressionSuite.xml
... Removed 21 stack frames]]>
    </failure>
  </testcase> <!-- @BeforeTest getBrowser -->
  <testcase name="@BeforeClass setUp" time="0.0" classname="com.automation.mobielshop.kpn.tablets.TC006_Tablets_products_validation_priceDetails">
    <skipped/>
  </testcase> <!-- @BeforeClass setUp -->
  <testcase name="@BeforeMethod beforeMethod" time="0.0" classname="com.automation.mobielshop.kpn.testBase.TestBase">
    <skipped/>
  </testcase> <!-- @BeforeMethod beforeMethod -->
  <testcase name="priceValidation_Tablets_withSubscription_EndToEnd" time="0.0" classname="com.automation.mobielshop.kpn.tablets.TC006_Tablets_products_validation_priceDetails">
    <skipped/>
  </testcase> <!-- priceValidation_Tablets_withSubscription_EndToEnd -->
</testsuite> <!-- smoke_tablets_products_validation_priceDetails -->
