<?xml version="1.0" encoding="UTF-8"?>
<!-- Generated by org.testng.reporters.JUnitXMLReporter -->
<testsuite hostname="INHYDKRLSOWMYA" ignored="0" name="smoke_Tablets_NewUser Browser IE" tests="3" failures="1" timestamp="11 Dec 2018 04:33:34 GMT" time="38.194" errors="0">
  <testcase name="priceValidation_Tablets_withSubscription_EndToEnd" time="23.15" classname="com.automation.mobielshop.kpn.tablets.TC001_Tablets_VerifyProductBuying_PriceValidation_WithSubscription">
    <skipped/>
  </testcase> <!-- priceValidation_Tablets_withSubscription_EndToEnd -->
  <testcase name="priceValidation_Tablets_withSubscription_EndToEnd" time="3.297" classname="com.automation.mobielshop.kpn.tablets.TC001_Tablets_VerifyProductBuying_PriceValidation_WithSubscription">
    <skipped/>
  </testcase> <!-- priceValidation_Tablets_withSubscription_EndToEnd -->
  <testcase name="priceValidation_Tablets_withSubscription_EndToEnd" time="3.298" classname="com.automation.mobielshop.kpn.tablets.TC001_Tablets_VerifyProductBuying_PriceValidation_WithSubscription">
    <failure type="org.openqa.selenium.NoSuchElementException" message="Unable to find element with xpath == //*[@id=&amp;apos;nav-open&amp;apos;]/ul/ul/li[5]/a
For documentation on this error, please visit: http://seleniumhq.org/exceptions/no_such_element.html
Build info: version: &amp;apos;3.12.0&amp;apos;, revision: &amp;apos;7c6e0b3&amp;apos;, time: &amp;apos;2018-05-08T14:04:26.12Z&amp;apos;
System info: host: &amp;apos;INHYDKRLSOWMYA&amp;apos;, ip: &amp;apos;192.168.24.10&amp;apos;, os.name: &amp;apos;Windows 10&amp;apos;, os.arch: &amp;apos;amd64&amp;apos;, os.version: &amp;apos;10.0&amp;apos;, java.version: &amp;apos;1.8.0_172&amp;apos;
Driver info: org.openqa.selenium.ie.InternetExplorerDriver
Capabilities {acceptInsecureCerts: false, browserName: internet explorer, browserVersion: 11, javascriptEnabled: true, pageLoadStrategy: normal, platform: WINDOWS, platformName: WINDOWS, proxy: Proxy(), se:ieOptions: {browserAttachTimeout: 0, elementScrollBehavior: 0, enablePersistentHover: true, ie.browserCommandLineSwitches: , ie.ensureCleanSession: false, ie.fileUploadDialogTimeout: 3000, ie.forceCreateProcessApi: false, ignoreProtectedModeSettings: false, ignoreZoomSetting: false, initialBrowserUrl: http://localhost:6752/, nativeEvents: true, requireWindowFocus: false}, setWindowRect: true, timeouts: {implicit: 0, pageLoad: 300000, script: 30000}}
Session ID: 3d13bbd9-f842-4fc7-a799-37e1000e6539
*** Element info: {Using=xpath, value=//*[@id=&amp;apos;nav-open&amp;apos;]/ul/ul/li[5]/a}">
      <![CDATA[org.openqa.selenium.NoSuchElementException: Unable to find element with xpath == //*[@id='nav-open']/ul/ul/li[5]/a
For documentation on this error, please visit: http://seleniumhq.org/exceptions/no_such_element.html
Build info: version: '3.12.0', revision: '7c6e0b3', time: '2018-05-08T14:04:26.12Z'
System info: host: 'INHYDKRLSOWMYA', ip: '192.168.24.10', os.name: 'Windows 10', os.arch: 'amd64', os.version: '10.0', java.version: '1.8.0_172'
Driver info: org.openqa.selenium.ie.InternetExplorerDriver
Capabilities {acceptInsecureCerts: false, browserName: internet explorer, browserVersion: 11, javascriptEnabled: true, pageLoadStrategy: normal, platform: WINDOWS, platformName: WINDOWS, proxy: Proxy(), se:ieOptions: {browserAttachTimeout: 0, elementScrollBehavior: 0, enablePersistentHover: true, ie.browserCommandLineSwitches: , ie.ensureCleanSession: false, ie.fileUploadDialogTimeout: 3000, ie.forceCreateProcessApi: false, ignoreProtectedModeSettings: false, ignoreZoomSetting: false, initialBrowserUrl: http://localhost:6752/, nativeEvents: true, requireWindowFocus: false}, setWindowRect: true, timeouts: {implicit: 0, pageLoad: 300000, script: 30000}}
Session ID: 3d13bbd9-f842-4fc7-a799-37e1000e6539
*** Element info: {Using=xpath, value=//*[@id='nav-open']/ul/ul/li[5]/a}
at org.openqa.selenium.remote.http.W3CHttpResponseCodec.createException(W3CHttpResponseCodec.java:187)
at org.openqa.selenium.remote.http.W3CHttpResponseCodec.decode(W3CHttpResponseCodec.java:122)
at org.openqa.selenium.remote.http.W3CHttpResponseCodec.decode(W3CHttpResponseCodec.java:49)
at org.openqa.selenium.remote.HttpCommandExecutor.execute(HttpCommandExecutor.java:158)
at org.openqa.selenium.remote.service.DriverCommandExecutor.execute(DriverCommandExecutor.java:83)
at org.openqa.selenium.remote.RemoteWebDriver.execute(RemoteWebDriver.java:543)
at org.openqa.selenium.remote.RemoteWebDriver.findElement(RemoteWebDriver.java:317)
at org.openqa.selenium.remote.RemoteWebDriver.findElementByXPath(RemoteWebDriver.java:419)
at org.openqa.selenium.By$ByXPath.findElement(By.java:353)
at org.openqa.selenium.remote.RemoteWebDriver.findElement(RemoteWebDriver.java:309)
at org.openqa.selenium.support.pagefactory.DefaultElementLocator.findElement(DefaultElementLocator.java:69)
at org.openqa.selenium.support.pagefactory.internal.LocatingElementHandler.invoke(LocatingElementHandler.java:38)
at com.sun.proxy.$Proxy11.click(Unknown Source)
at com.automation.mobielshop.kpn.uiActions.Tablets.priceValidation_Tablets_EndToEnd(Tablets.java:735)
at com.automation.mobielshop.kpn.tablets.TC001_Tablets_VerifyProductBuying_PriceValidation_WithSubscription.priceValidation_Tablets_withSubscription_EndToEnd(TC001_Tablets_VerifyProductBuying_PriceValidation_WithSubscription.java:35)
... Removed 29 stack frames]]>
    </failure>
  </testcase> <!-- priceValidation_Tablets_withSubscription_EndToEnd -->
</testsuite> <!-- smoke_Tablets_NewUser Browser IE -->
