<?xml version="1.0" encoding="UTF-8"?>
<!-- Generated by org.testng.reporters.JUnitXMLReporter -->
<testsuite hostname="INHYDKRLSOWMYA" ignored="0" name="smoke_phones_ShoppingBasketPage" tests="1" failures="0" timestamp="28 Nov 2018 10:08:40 GMT" time="0.031" errors="0">
  <testcase name="@BeforeTest getBrowser" time="0.0" classname="com.automation.mobielshop.kpn.testBase.TestBase">
    <failure type="org.testng.TestNGException" message="
Parameter &amp;apos;myBrowser&amp;apos; is required by BeforeTest on method getBrowser but has not been marked @Optional or defined
in C:\Users\sowmyak\Desktop\KPN\kpn-shop-test-suite\trunk\eclipse-workspace\com.automation.kpn.developerCopy\regressionSuite.xml">
      <![CDATA[org.testng.TestNGException: 
Parameter 'myBrowser' is required by BeforeTest on method getBrowser but has not been marked @Optional or defined
in C:\Users\sowmyak\Desktop\KPN\kpn-shop-test-suite\trunk\eclipse-workspace\com.automation.kpn.developerCopy\regressionSuite.xml
... Removed 21 stack frames]]>
    </failure>
  </testcase> <!-- @BeforeTest getBrowser -->
  <testcase name="@BeforeClass setUp" time="0.0" classname="com.automation.mobielshop.kpn.telefoons.TC005_phones_Products_Validaton_shoppingBasketPage">
    <skipped/>
  </testcase> <!-- @BeforeClass setUp -->
  <testcase name="@BeforeMethod beforeMethod" time="0.0" classname="com.automation.mobielshop.kpn.testBase.TestBase">
    <skipped/>
  </testcase> <!-- @BeforeMethod beforeMethod -->
  <testcase name="shoppingBasketPageValidation" time="0.0" classname="com.automation.mobielshop.kpn.telefoons.TC005_phones_Products_Validaton_shoppingBasketPage">
    <skipped/>
  </testcase> <!-- shoppingBasketPageValidation -->
</testsuite> <!-- smoke_phones_ShoppingBasketPage -->
