<?xml version="1.0" encoding="UTF-8"?>
<!-- Generated by org.testng.reporters.JUnitReportReporter -->
<testsuite skipped="1" hostname="INHYDKRLSOWMYA" name="com.automation.mobielshop.kpn.smartwatches.TC003_SmartWatches_products_validation_priceDetails" tests="2" failures="0" timestamp="28 Nov 2018 09:53:37 GMT" time="0.000" errors="1">
  <testcase name="getBrowser" time="0.000" classname="com.automation.mobielshop.kpn.smartwatches.TC003_SmartWatches_products_validation_priceDetails">
    <error type="org.testng.TestNGException" message="
Parameter &#039;myBrowser&#039; is required by BeforeTest on method getBrowser but has not been marked @Optional or defined
in C:\Users\sowmyak\Desktop\KPN\kpn-shop-test-suite\trunk\eclipse-workspace\com.automation.kpn.developerCopy\regressionSuite.xml">
      <![CDATA[org.testng.TestNGException: 
Parameter 'myBrowser' is required by BeforeTest on method getBrowser but has not been marked @Optional or defined
in C:\Users\sowmyak\Desktop\KPN\kpn-shop-test-suite\trunk\eclipse-workspace\com.automation.kpn.developerCopy\regressionSuite.xml
at org.testng.internal.Parameters.createParams(Parameters.java:290)
at org.testng.internal.Parameters.createParametersForMethod(Parameters.java:359)
at org.testng.internal.Parameters.createParameters(Parameters.java:620)
at org.testng.internal.Parameters.createConfigurationParameters(Parameters.java:190)
at org.testng.internal.Invoker.invokeConfigurations(Invoker.java:209)
at org.testng.internal.Invoker.invokeConfigurations(Invoker.java:142)
at org.testng.TestRunner.beforeRun(TestRunner.java:529)
at org.testng.TestRunner.run(TestRunner.java:497)
at org.testng.SuiteRunner.runTest(SuiteRunner.java:455)
at org.testng.SuiteRunner.runSequentially(SuiteRunner.java:450)
at org.testng.SuiteRunner.privateRun(SuiteRunner.java:415)
at org.testng.SuiteRunner.run(SuiteRunner.java:364)
at org.testng.SuiteRunnerWorker.runSuite(SuiteRunnerWorker.java:52)
at org.testng.SuiteRunnerWorker.run(SuiteRunnerWorker.java:84)
at org.testng.TestNG.runSuitesSequentially(TestNG.java:1208)
at org.testng.TestNG.runSuitesLocally(TestNG.java:1137)
at org.testng.TestNG.runSuites(TestNG.java:1049)
at org.testng.TestNG.run(TestNG.java:1017)
at org.testng.remote.AbstractRemoteTestNG.run(AbstractRemoteTestNG.java:114)
at org.testng.remote.RemoteTestNG.initAndRun(RemoteTestNG.java:251)
at org.testng.remote.RemoteTestNG.main(RemoteTestNG.java:77)
]]>
    </error>
  </testcase> <!-- getBrowser -->
  <testcase name="priceValidation_SmartWatches_NotACustomer_EndToEnd" time="0.000" classname="com.automation.mobielshop.kpn.smartwatches.TC003_SmartWatches_products_validation_priceDetails">
    <skipped/>
  </testcase> <!-- priceValidation_SmartWatches_NotACustomer_EndToEnd -->
</testsuite> <!-- com.automation.mobielshop.kpn.smartwatches.TC003_SmartWatches_products_validation_priceDetails -->
